{
	"Id": 1,
	"Current": "0",
	"Destination": "1",
	"Path": [
		"0",
		"2",
		"3",
		"1"
	]
}
{
	"Id": 2,
	"Current": "0",
	"Destination": "1",
	"Path": [
		"0",
		"2",
		"3",
		"1"
	]
}
{
	"Id": 3,
	"Current": "0",
	"Destination": "1",
	"Path": [
		"0",
		"2",
		"3",
		"1"
	]
}
{
	"Id": 1,
	"Current": "0",
	"Destination": "1",
	"Path": [
		"0",
		"2",
		"3",
		"1"
	]
}
{
	"Id": 2,
	"Current": "0",
	"Destination": "1",
	"Path": [
		"0",
		"2",
		"3",
		"1"
	]
}
{
	"Id": 3,
	"Current": "0",
	"Destination": "1",
	"Path": [
		"0",
		"2",
		"3",
		"1"
	]
}
{
	"Id": 1,
	"Current": "0",
	"Destination": "1",
	"Path": [
		"0",
		"2",
		"3",
		"1"
	]
}
{
	"Id": 2,
	"Current": "0",
	"Destination": "1",
	"Path": [
		"0",
		"2",
		"3",
		"1"
	]
}
{
	"Id": 3,
	"Current": "0",
	"Destination": "1",
	"Path": [
		"0",
		"2",
		"3",
		"1"
	]
}
{
	"Id": 1,
	"Current": "0",
	"Destination": "1",
	"Path": [
		"0",
		"2",
		"3",
		"1"
	]
}
{
	"Id": 2,
	"Current": "0",
	"Destination": "1",
	"Path": [
		"0",
		"2",
		"3",
		"1"
	]
}
{
	"Id": 3,
	"Current": "0",
	"Destination": "1",
	"Path": [
		"0",
		"2",
		"3",
		"1"
	]
}
{
	"Id": 1,
	"Current": "0",
	"Destination": "1",
	"Path": [
		"0",
		"2",
		"3",
		"1"
	]
}
{
	"Id": 2,
	"Current": "0",
	"Destination": "1",
	"Path": [
		"0",
		"2",
		"3",
		"1"
	]
}
{
	"Id": 3,
	"Current": "0",
	"Destination": "1",
	"Path": [
		"0",
		"2",
		"3",
		"1"
	]
}
{
	"Id": 1,
	"Current": "0",
	"Destination": "1",
	"Path": [
		"0",
		"2",
		"3",
		"1"
	]
}
{
	"Id": 2,
	"Current": "0",
	"Destination": "1",
	"Path": [
		"0",
		"2",
		"3",
		"1"
	]
}
{
	"Id": 3,
	"Current": "0",
	"Destination": "1",
	"Path": [
		"0",
		"2",
		"3",
		"1"
	]
}
{
	"Id": 1,
	"Current": "0",
	"Destination": "1",
	"Path": [
		"0",
		"2",
		"3",
		"1"
	]
}
{
	"Id": 2,
	"Current": "0",
	"Destination": "1",
	"Path": [
		"0",
		"2",
		"3",
		"1"
	]
}
{
	"Id": 3,
	"Current": "0",
	"Destination": "1",
	"Path": [
		"0",
		"2",
		"3",
		"1"
	]
}
{
	"Id": 1,
	"Current": "0",
	"Destination": "1",
	"Path": [
		"0",
		"2",
		"3",
		"1"
	]
}
{
	"Id": 2,
	"Current": "0",
	"Destination": "1",
	"Path": [
		"0",
		"2",
		"3",
		"1"
	]
}
{
	"Id": 3,
	"Current": "0",
	"Destination": "1",
	"Path": [
		"0",
		"2",
		"3",
		"1"
	]
}
{
	"Id": 1,
	"Current": "0",
	"Destination": "1",
	"Path": [
		"0",
		"2",
		"3",
		"1"
	]
}
{
	"Id": 2,
	"Current": "0",
	"Destination": "1",
	"Path": [
		"0",
		"2",
		"3",
		"1"
	]
}
{
	"Id": 3,
	"Current": "0",
	"Destination": "1",
	"Path": [
		"0",
		"2",
		"3",
		"1"
	]
}
{
	"Id": 1,
	"Current": "1",
	"Destination": "0",
	"Path": [
		"1",
		"3",
		"4",
		"0"
	]
}
{
	"Id": 2,
	"Current": "1",
	"Destination": "0",
	"Path": [
		"1",
		"3",
		"4",
		"0"
	]
}
{
	"Id": 3,
	"Current": "1",
	"Destination": "0",
	"Path": [
		"1",
		"3",
		"4",
		"0"
	]
}
{
	"Id": 1,
	"Current": "1",
	"Destination": "0",
	"Path": [
		"1",
		"3",
		"4",
		"0"
	]
}
{
	"Id": 2,
	"Current": "1",
	"Destination": "0",
	"Path": [
		"1",
		"3",
		"4",
		"0"
	]
}
{
	"Id": 3,
	"Current": "1",
	"Destination": "0",
	"Path": [
		"1",
		"3",
		"4",
		"0"
	]
}
{
	"Id": 1,
	"Current": "1",
	"Destination": "0",
	"Path": [
		"1",
		"3",
		"4",
		"0"
	]
}
{
	"Id": 2,
	"Current": "1",
	"Destination": "0",
	"Path": [
		"1",
		"3",
		"4",
		"0"
	]
}
{
	"Id": 3,
	"Current": "1",
	"Destination": "0",
	"Path": [
		"1",
		"3",
		"4",
		"0"
	]
}
{
	"Id": 1,
	"Current": "1",
	"Destination": "0",
	"Path": [
		"1",
		"3",
		"4",
		"0"
	]
}
{
	"Id": 2,
	"Current": "1",
	"Destination": "0",
	"Path": [
		"1",
		"3",
		"4",
		"0"
	]
}
{
	"Id": 3,
	"Current": "1",
	"Destination": "0",
	"Path": [
		"1",
		"3",
		"4",
		"0"
	]
}
{
	"Id": 1,
	"Current": "1",
	"Destination": "0",
	"Path": [
		"1",
		"3",
		"4",
		"0"
	]
}
{
	"Id": 2,
	"Current": "1",
	"Destination": "0",
	"Path": [
		"1",
		"3",
		"4",
		"0"
	]
}
{
	"Id": 3,
	"Current": "1",
	"Destination": "0",
	"Path": [
		"1",
		"3",
		"4",
		"0"
	]
}
{
	"Id": 1,
	"Current": "1",
	"Destination": "0",
	"Path": [
		"1",
		"3",
		"4",
		"0"
	]
}
{
	"Id": 2,
	"Current": "1",
	"Destination": "0",
	"Path": [
		"1",
		"3",
		"4",
		"0"
	]
}
{
	"Id": 3,
	"Current": "1",
	"Destination": "0",
	"Path": [
		"1",
		"3",
		"4",
		"0"
	]
}
{
	"Id": 1,
	"Current": "1",
	"Destination": "0",
	"Path": [
		"1",
		"3",
		"4",
		"0"
	]
}
{
	"Id": 2,
	"Current": "1",
	"Destination": "0",
	"Path": [
		"1",
		"3",
		"4",
		"0"
	]
}
{
	"Id": 3,
	"Current": "1",
	"Destination": "0",
	"Path": [
		"1",
		"3",
		"4",
		"0"
	]
}
{
	"Id": 1,
	"Current": "1",
	"Destination": "0",
	"Path": [
		"1",
		"3",
		"4",
		"0"
	]
}
{
	"Id": 2,
	"Current": "1",
	"Destination": "0",
	"Path": [
		"1",
		"3",
		"4",
		"0"
	]
}
{
	"Id": 3,
	"Current": "1",
	"Destination": "0",
	"Path": [
		"1",
		"3",
		"4",
		"0"
	]
}
{
	"Id": 1,
	"Current": "1",
	"Destination": "0",
	"Path": [
		"1",
		"3",
		"4",
		"0"
	]
}
{
	"Id": 2,
	"Current": "1",
	"Destination": "0",
	"Path": [
		"1",
		"3",
		"4",
		"0"
	]
}
{
	"Id": 3,
	"Current": "1",
	"Destination": "0",
	"Path": [
		"1",
		"3",
		"4",
		"0"
	]
}
{
	"Id": 1,
	"Current": "1",
	"Destination": "0",
	"Path": [
		"1",
		"3",
		"4",
		"0"
	]
}
{
	"Id": 2,
	"Current": "1",
	"Destination": "0",
	"Path": [
		"1",
		"3",
		"4",
		"0"
	]
}
{
	"Id": 3,
	"Current": "1",
	"Destination": "0",
	"Path": [
		"1",
		"3",
		"4",
		"0"
	]
}
{
	"Id": 1,
	"Current": "1",
	"Destination": "0",
	"Path": [
		"1",
		"3",
		"4",
		"0"
	]
}
{
	"Id": 2,
	"Current": "1",
	"Destination": "0",
	"Path": [
		"1",
		"3",
		"4",
		"0"
	]
}
{
	"Id": 3,
	"Current": "1",
	"Destination": "0",
	"Path": [
		"1",
		"3",
		"4",
		"0"
	]
}
{
	"Id": 1,
	"Current": "1",
	"Destination": "0",
	"Path": [
		"1",
		"3",
		"4",
		"0"
	]
}
{
	"Id": 2,
	"Current": "1",
	"Destination": "0",
	"Path": [
		"1",
		"3",
		"4",
		"0"
	]
}
{
	"Id": 3,
	"Current": "1",
	"Destination": "0",
	"Path": [
		"1",
		"3",
		"4",
		"0"
	]
}
